=~=~=~=~=~=~=~=~=~=~=~= PuTTY log 2023.01.30 11:02:07 =~=~=~=~=~=~=~=~=~=~=~=
ÿ;›2J[H[3ÿ[2J[H[36mStarting
[37m[36mPrinting
[37m[36m[37m[36mPrinting
[37m[36m[37m[36mPrinting
[37m[36m[37mHardFault Error
ÿ[2J[H[36mStarting
[37m[36mbi: 52
[37m[36m[37m[36mbi: 102
[37m[36m[37m[36mbi: 152
[37m[36m[37mHardFault Error
[36mcalled
[37m[36mcalled
[37m[2J[H[36mStarting
[37m[36mcalled
[37m[36mcalled
[37m[36mcalled
[37m[36mcalled
[37m[36mcalled
[37m[36mcalled
[37m[36mcalled
[37m[36mcalled
[37m[36mcalled
[37m[36mcalled
[37m[36mcalled
[37m[36mcalled
[37m[36mcalled
[37m[36mcalled
[37m[36mcalled
[37m[36mcalled
[37m[36mcalled
[37m[36mcalled
[37m[36mcalled
[37m[36mcalled
[37m[36mcalled
[37m[36mcalled
[37m[36mcalled
[37m[36mcalled
[37m[36mcalled
[37m[36mcalled
[37m[36mcalled
[37m[36mcalled
[37m[36mcalled
[37m[36mcalled
[37m[36mcalled
[37m[36mcalled
[37m[36mcalled
[37m[36mcalled
[37m[36mcalled
[37m[36mcalled
[37m[36mcalled
[37m[36mcalled
[37m[36mcalled
[37m[36mcalled
[37m[36mcalled
[37m[36mcalled
[37m[36mcalled
[37m[36mcalled
[37m[36mcalled
[37m[36mcalled
[37m[36mcalled
[37m[36mcalled
[37m[36mcalled
[37m[36mcalled
[37m[36mbi: 52
[37m[36m[37m[36mcalled
[37m[36mcalled
[37m[36mcalled
[37m[36mcalled
[37m[36mcalled
[37m[36mcalled
[37m[36mcalled
[37m[36mcalled
[37m[36mcalled
[37m[36mcalled
[37m[36mcalled
[37m[36mcalled
[37m[36mcalled
[37m[36mcalled
[37m[36mcalled
[37m[36mcalled
[37m[36mcalled
[37m[36mcalled
[37m[36mcalled
[37m[36mcalled
[37m[36mcalled
[37m[36mcalled
[37m[36mcalled
[37m[36mcalled
[37m[36mcalled
[37m[36mcalled
[37m[36mcalled
[37m[36mcalled
[37m[36mcalled
[37m[36mcalled
[37m[36mcalled
[37m[36mcalled
[37m[36mcalled
[37m[36mcalled
[37m[36mcalled
[37m[36mcalled
[37m[36mcalled
[37m[36mcalled
[37m[36mcalled
[37m[36mcalled
[37m[36mcalled
[37m[36mcalled
[37m[36mcalled
[37m[36mcalled
[37m[36mcalled
[37m[36mcalled
[37m[36mcalled
[37m[36mcalled
[37m[36mcalled
[37m[36mcalled
[37m[36mbi: 102
[37m[36m[37m[36mcalled
[37m[36mcalled
[37m[36mcalled
[37m[36mcalled
[37m[36mcalled
[37m[36mcalled
[37m[36mcalled
[37m[36mcalled
[37m[36mcalled
[37m[36mcalled
[37m[36mcalled
[37m[36mcalled
[37m[36mcalled
[37m[36mcalled
[37m[36mcalled
[37m[36mcalled
[37m[36mcalled
[37m[36mcalled
[37m[36mcalled
[37m[36mcalled
[37m[36mcalled
[37m[36mcalled
[37m[36mcalled
[37m[36mcalled
[37m[36mcalled
[37m[36mcalled
[37m[36mcalled
[37m[36mcalled
[37m[36mcalled
[37m[36mcalled
[37m[36mcalled
[37m[36mcalled
[37m[36mcalled
[37m[36mcalled
[37m[36mcalled
[37m[36mcalled
[37m[36mcalled
[37m[36mcalled
[37m[36mcalled
[37m[36mcalled
[37m[36mcalled
[37m[36mcalled
[37m[36mcalled
[37m[36mcalled
[37m[36mcalled
[37m[36mcalled
[37m[36mcalled
[37m[36mcalled
[37m[36mcalled
[37m[36mcalled
[37m[36mbi: 152
[37m[36m[37mHardFault Error
ÿ[36mcalled
[37m[2J[H[36mStarting
[37m[36mbi: 1
[37m[36mÿ[37m[36mbi: 1
[37m[36mÿ[37m[36mbi: 1
[37m[36mÿ[37m[36mbi: 1
[37m[36mÿ[37m[36mbi: 1
[37m[36mÿ[37m[36mbi: 1
[37m[36mÿ[37m[36mbi: 1
[37m[36mÿ[37m[36mbi: 1
[37m[36mÿ[37m[36mbi: 1
[37m[36mÿ[37m[36mbi: 1
[37m[36mÿ[37m[36mbi: 1
[37m[36mÿ[37m[36mbi: 1
[37m[36mÿ[37m[36mbi: 1
[37m[36mÿ[37m[36mbi: 1
[37m[36mÿ[37m[36mbi: 1
[37m[36mÿ[37m[36mbi: 1
[37m[36mÿ[37m[36mbi: 1
[37m[36mÿ[37m[36mbi: 1
[37m[36mÿ[37m[36mbi: 1
[37m[36mÿ[37m›2J[H[36mStarting
[37m[36mbi: 0
[37m[36m[37m[36mbi: 0
[37m[36m[37m[36mbi: 0
[37m[36m[37m[36mbi: 0
[37m[36m[37m[36mbi: 0
[37m[36m[37m[36mbi: 0
[37m[36m[37m[36mbi: 0
[37m[36m[37m[36mbi: 0
[37m[36m[37m[36mbi: 0
[37m[36m[37m[36mbi: 0
[37m[36m[37m[36mbi: 0
[37m[36m[37m[36mbi: 0
[37m[36m[37m[36mbi: 0
[37m[36m[37m[36mbi: 0
[37m[36m[37m[36mbi: 0
[37m[36m[37m[36mbi: 0
[37m[36m[37m[36mbi: 0
[37m[36m[37m[36mbi: 0
[37m[36m[37m[36mbi: 0
[37m[36m[37m[36mbi: 0
[37m[36m[37m[36mbi: 0
[37m[36m[37m[36mbi: 0
[37m[36m[37m[36mbi: 0
[37m[36m[37m[36mbi: 0
[37m[36m[37m[36mbi: 0
[37m[36m[37m[36mbi: 0
[37m[36m[37m[36mbi: 0
[37m[36m[37m[36mbi: 0
[37m[36m[37m[36mbi: 0
[37m[36m[37m[36mbi: 0
[37m[36m[37m[36mbi: 0
[37m[36m[37m[36mbi: 0
[37m[36m[37m[36mbi: 0
[37m[36m[37m[36mbi: 0
[37m[36m[37m[36mbi: 0
[37m[36m[37m[36mbi: 0
[37m[36m[37m[36mbi: 0
[37m[36m[37m[36mbi: 0
[37m[36m[37m[36mbi: 0
[37m[36m[37m[36mbi: 0
[37m[36m[37m[36mbi: 0
[37m[36m[37m[36mbi: 0
[37m[36m[37m[36mbi: 0
[37m[36m[37m[36mbi: 0
[37m[36m[37m[36mbi: 0
[37m[36m[37m[36mbi: 0
[37m[36m[37m[36mbi: 0
[37m[36m[37m[36mbi: 0
[37m[36m[37m[36mbi: 0
[37m[36m[37m[36mbi: 0
[37m[36m[37m[36mbi: 0
[37m[36m[37m[36mbi: 0
[37m[36m[37m[36mbi: 0
[37m[36m[37m[36mbi: 0
[37m[36m[37m[36mbi: 0
[37m[36m[37m[36mbi: 0
[37m[36m[37m[36mbi: 0
[37m[36m[37m[36mbi: 0
[37m[36m[37m[36mbi: 0
[37m[36m[37m[36mbi: 0
[37m[36m[37m[36mbi: 0
[37m[36m[37m[36mbi: 0
[37m[36m[37m[36mbi: 0
[37m[36m[37m[36mbi: 0
[37m[36m[37m[36mbi: 0
[37m[36m[37m[36mbi: 0
[37m[36m[37m[36mbi: 0
[37m[36m[37m[36mbi: 0
[37m[36m[37m[36mbi: 0
[37m[36m[37m[36mbi: 0
[37m[36m[37m[36mbi: 0
[37m[36m[37m[36mbi: 0
[37m[36m[37m[36mbi: 0
[37m[36m[37m[36mbi: 0
[37m[36m[37m[36mbi: 0
[37m[36m[37m[36mbi: 0
[37m[36m[37m[36mbi: 0
[37m[36m[37m[36mbi: 0
[37m[36m[37m[36mbi: 0
[37m[36m[37m[36mbi: 0
[37m[36m[37m[36mbi: 0
[37m[36m[37m[36mbi: 0
[37m[36m[37m[36mbi: 0
[37m[36m[37m[36mbi: 0
[37m[36m[37m[36mbi: 0
[37m[36m[37m[36mbi: 0
[37m[36m[37m[36mbi: 0
[37m[36m[37m[36mbi: 0
[37m[36m[37m[36mbi: 0
[37m[36m[37m[36mbi: 0
[37m[36m[37m[36mbi: 0
[37m[36m[37m[36mbi: 0
[37m[36m[37m[36mbi: 0
[37m[36m[37m[36mbi: 0
[37m[36m[37m[36mbi: 0
[37m[36m[37m[36mbi: 0
[37m[36m[37m[36mbi: 0
[37m[36m[37m[36mbi: 0
[37m[36m[37m[36mbi: 0
[37m[36m[37m[36mbi: 0
[37m[36m[37m[36mbi: 0
[37m[36m[37mÛ2J[H[36mStarting
[37m[36m[37m[36m[37m